<?xml version="1.0" encoding="UTF-8"?>
<robot generator="Robot 4.1.3 (Python 3.7.1 on win32)" generated="20220208 15:58:57.550" rpa="false" schemaversion="2">
<suite id="s1" name="RegistrationTest" source="C:\Users\yunus\Desktop\Flasky\UI_Part\RegistrationTest.robot">
<test id="s1-t1" name="RegisterTest">
<kw name="Open my Browser" library="RegistrationKeywords">
<arg>${url}</arg>
<arg>${Browser}</arg>
<kw name="Open Browser" library="SeleniumLibrary">
<arg>${url}</arg>
<arg>${Browser}</arg>
<doc>Opens a new browser instance to the optional ``url``.</doc>
<msg timestamp="20220208 15:58:57.909" level="INFO">Opening browser 'chrome' to base url 'http://localhost:8080/register'.</msg>
<status status="PASS" starttime="20220208 15:58:57.908" endtime="20220208 15:59:00.360"/>
</kw>
<kw name="Maximize Browser Window" library="SeleniumLibrary">
<doc>Maximizes current browser window.</doc>
<status status="PASS" starttime="20220208 15:59:00.361" endtime="20220208 15:59:00.640"/>
</kw>
<status status="PASS" starttime="20220208 15:58:57.907" endtime="20220208 15:59:00.640"/>
</kw>
<kw name="Enter UserName" library="RegistrationKeywords">
<arg>${username}</arg>
<kw name="Input Text" library="SeleniumLibrary">
<arg>${txt_RegisterUserName}</arg>
<arg>${username}</arg>
<doc>Types the given ``text`` into the text field identified by ``locator``.</doc>
<msg timestamp="20220208 15:59:00.644" level="INFO">Typing text 'yeksworld' into text field 'name:username'.</msg>
<status status="PASS" starttime="20220208 15:59:00.643" endtime="20220208 15:59:00.842"/>
</kw>
<status status="PASS" starttime="20220208 15:59:00.641" endtime="20220208 15:59:00.842"/>
</kw>
<kw name="Enter Password" library="RegistrationKeywords">
<arg>${password}</arg>
<kw name="Input Text" library="SeleniumLibrary">
<arg>${txt_RegisterPassword}</arg>
<arg>${password}</arg>
<doc>Types the given ``text`` into the text field identified by ``locator``.</doc>
<msg timestamp="20220208 15:59:00.851" level="INFO">Typing text '1234asdf' into text field 'name:password'.</msg>
<status status="PASS" starttime="20220208 15:59:00.850" endtime="20220208 15:59:01.024"/>
</kw>
<status status="PASS" starttime="20220208 15:59:00.849" endtime="20220208 15:59:01.024"/>
</kw>
<kw name="Enter FirstName" library="RegistrationKeywords">
<arg>${firstname}</arg>
<kw name="Input Text" library="SeleniumLibrary">
<arg>${txt_RegisterFirstName}</arg>
<arg>${firstname}</arg>
<doc>Types the given ``text`` into the text field identified by ``locator``.</doc>
<msg timestamp="20220208 15:59:01.027" level="INFO">Typing text 'jhon' into text field 'name:firstname'.</msg>
<status status="PASS" starttime="20220208 15:59:01.026" endtime="20220208 15:59:01.125"/>
</kw>
<status status="PASS" starttime="20220208 15:59:01.025" endtime="20220208 15:59:01.125"/>
</kw>
<kw name="Enter LastName" library="RegistrationKeywords">
<arg>${lastname}</arg>
<kw name="Input Text" library="SeleniumLibrary">
<arg>${txt_RegisterLastName}</arg>
<arg>${lastname}</arg>
<doc>Types the given ``text`` into the text field identified by ``locator``.</doc>
<msg timestamp="20220208 15:59:01.127" level="INFO">Typing text 'rudy' into text field 'name:lastname'.</msg>
<status status="PASS" starttime="20220208 15:59:01.126" endtime="20220208 15:59:01.221"/>
</kw>
<status status="PASS" starttime="20220208 15:59:01.125" endtime="20220208 15:59:01.221"/>
</kw>
<kw name="Enter Phone" library="RegistrationKeywords">
<arg>${phone}</arg>
<kw name="Input Text" library="SeleniumLibrary">
<arg>${txt_phone}</arg>
<arg>${phone}</arg>
<doc>Types the given ``text`` into the text field identified by ``locator``.</doc>
<msg timestamp="20220208 15:59:01.223" level="INFO">Typing text '456137986' into text field 'name:phone'.</msg>
<status status="PASS" starttime="20220208 15:59:01.223" endtime="20220208 15:59:01.309"/>
</kw>
<status status="PASS" starttime="20220208 15:59:01.222" endtime="20220208 15:59:01.310"/>
</kw>
<kw name="Click Register" library="RegistrationKeywords">
<kw name="Click Button" library="SeleniumLibrary">
<arg>${btn_Register}</arg>
<doc>Clicks the button identified by ``locator``.</doc>
<msg timestamp="20220208 15:59:01.311" level="INFO">Clicking button 'xpath://input[@value='Register']'.</msg>
<status status="PASS" starttime="20220208 15:59:01.311" endtime="20220208 15:59:01.778"/>
</kw>
<status status="PASS" starttime="20220208 15:59:01.310" endtime="20220208 15:59:01.778"/>
</kw>
<kw name="Sleep" library="BuiltIn">
<arg>3 seconds</arg>
<doc>Pauses the test executed for the given time.</doc>
<msg timestamp="20220208 15:59:04.788" level="INFO">Slept 3 seconds</msg>
<status status="PASS" starttime="20220208 15:59:01.779" endtime="20220208 15:59:04.788"/>
</kw>
<kw name="Verify Succesfull Registration" library="RegistrationKeywords">
<kw name="Get Title" library="SeleniumLibrary">
<var>${title1}</var>
<doc>Returns the title of the current page.</doc>
<msg timestamp="20220208 15:59:04.798" level="INFO">${title1} = Register - Demo App</msg>
<status status="PASS" starttime="20220208 15:59:04.790" endtime="20220208 15:59:04.798"/>
</kw>
<kw name="Log To Console" library="BuiltIn">
<arg>${title1}</arg>
<doc>Logs the given message to the console.</doc>
<status status="PASS" starttime="20220208 15:59:04.798" endtime="20220208 15:59:04.798"/>
</kw>
<kw name="Title Should Be" library="SeleniumLibrary">
<arg>${title1}</arg>
<doc>Verifies that the current page title equals ``title``.</doc>
<msg timestamp="20220208 15:59:04.803" level="INFO">Page title is 'Register - Demo App'.</msg>
<status status="PASS" starttime="20220208 15:59:04.798" endtime="20220208 15:59:04.803"/>
</kw>
<status status="PASS" starttime="20220208 15:59:04.789" endtime="20220208 15:59:04.803"/>
</kw>
<kw name="Close My Browser" library="RegistrationKeywords">
<kw name="Close Browser" library="SeleniumLibrary">
<doc>Closes the current browser.</doc>
<status status="PASS" starttime="20220208 15:59:04.805" endtime="20220208 15:59:07.177"/>
</kw>
<status status="PASS" starttime="20220208 15:59:04.805" endtime="20220208 15:59:07.178"/>
</kw>
<status status="PASS" starttime="20220208 15:58:57.906" endtime="20220208 15:59:07.193"/>
</test>
<status status="PASS" starttime="20220208 15:58:57.553" endtime="20220208 15:59:07.198"/>
</suite>
<statistics>
<total>
<stat pass="1" fail="0" skip="0">All Tests</stat>
</total>
<tag>
</tag>
<suite>
<stat pass="1" fail="0" skip="0" id="s1" name="RegistrationTest">RegistrationTest</stat>
</suite>
</statistics>
<errors>
</errors>
</robot>
